cpu_eh_field_cpml42.f90(16): (col. 3) remark: DISTRIBUTED LOOP が自動並列化されました。.
cpu_eh_field_cpml42.f90(28): (col. 4) remark: DISTRIBUTED LOOP が自動並列化されました。.
cpu_eh_field_cpml42.f90(126): (col. 6) remark: DISTRIBUTED LOOP が自動並列化されました。.
cpu_eh_field_cpml42.f90(137): (col. 5) remark: DISTRIBUTED LOOP が自動並列化されました。.
cpu_eh_field_cpml42.f90(148): (col. 5) remark: DISTRIBUTED LOOP が自動並列化されました。.
cpu_eh_field_cpml42.f90(171): (col. 6) remark: DISTRIBUTED LOOP が自動並列化されました。.
cpu_eh_field_cpml42.f90(182): (col. 2) remark: DISTRIBUTED LOOP が自動並列化されました。.
cpu_eh_field_cpml42.f90(193): (col. 5) remark: DISTRIBUTED LOOP が自動並列化されました。.
cpu_eh_field_cpml42.f90(219): (col. 5) remark: DISTRIBUTED LOOP が自動並列化されました。.
cpu_eh_field_cpml42.f90(230): (col. 5) remark: DISTRIBUTED LOOP が自動並列化されました。.
cpu_eh_field_cpml42.f90(241): (col. 5) remark: DISTRIBUTED LOOP が自動並列化されました。.
cpu_eh_field_cpml42.f90(265): (col. 5) remark: DISTRIBUTED LOOP が自動並列化されました。.
cpu_eh_field_cpml42.f90(276): (col. 5) remark: DISTRIBUTED LOOP が自動並列化されました。.
cpu_eh_field_cpml42.f90(287): (col. 5) remark: DISTRIBUTED LOOP が自動並列化されました。.
cpu_cpml4.f90(33): (col. 47) remark: ループが自動並列化されました。.
cpu_cpml4.f90(110): (col. 47) remark: ループが自動並列化されました。.
cpu_cpml4.f90(186): (col. 47) remark: ループが自動並列化されました。.
cpu_cpml4.f90(278): (col. 5) remark: DISTRIBUTED LOOP が自動並列化されました。.
cpu_cpml4.f90(291): (col. 5) remark: DISTRIBUTED LOOP が自動並列化されました。.
cpu_cpml4.f90(306): (col. 9) remark: DISTRIBUTED LOOP が自動並列化されました。.
cpu_cpml4.f90(319): (col. 9) remark: DISTRIBUTED LOOP が自動並列化されました。.
cpu_cpml4.f90(332): (col. 5) remark: DISTRIBUTED LOOP が自動並列化されました。.
cpu_cpml4.f90(345): (col. 5) remark: DISTRIBUTED LOOP が自動並列化されました。.
cpu_cpml4.f90(391): (col. 5) remark: DISTRIBUTED LOOP が自動並列化されました。.
cpu_cpml4.f90(404): (col. 5) remark: DISTRIBUTED LOOP が自動並列化されました。.
cpu_cpml4.f90(419): (col. 9) remark: DISTRIBUTED LOOP が自動並列化されました。.
cpu_cpml4.f90(432): (col. 9) remark: DISTRIBUTED LOOP が自動並列化されました。.
cpu_cpml4.f90(445): (col. 5) remark: DISTRIBUTED LOOP が自動並列化されました。.
cpu_cpml4.f90(458): (col. 5) remark: DISTRIBUTED LOOP が自動並列化されました。.
cpu_f_to_d_e.f90(135): (col. 5) remark: DISTRIBUTED LOOP が自動並列化されました。.
forrtl: No such file or directory
forrtl: 致命的なエラー (29): ファイルが見つかりません。ユニット 51、ファイル /home/saito/GitHub_sync/ver0026/57pattern2_1.d
Image              PC                Routine            Line        Source             
ficticious_fwi_cp  000000000057EA9E  Unknown               Unknown  Unknown
ficticious_fwi_cp  000000000057D536  Unknown               Unknown  Unknown
ficticious_fwi_cp  00000000005326C2  Unknown               Unknown  Unknown
ficticious_fwi_cp  00000000004FCD1C  Unknown               Unknown  Unknown
ficticious_fwi_cp  00000000004FC23C  Unknown               Unknown  Unknown
ficticious_fwi_cp  0000000000508A28  Unknown               Unknown  Unknown
ficticious_fwi_cp  000000000041DC34  Unknown               Unknown  Unknown
ficticious_fwi_cp  000000000042527D  Unknown               Unknown  Unknown
ficticious_fwi_cp  000000000040372C  Unknown               Unknown  Unknown
libc.so.6          00000032A5221735  Unknown               Unknown  Unknown
ficticious_fwi_cp  0000000000403609  Unknown               Unknown  Unknown

real	19m30.712s
user	96m1.614s
sys	0m53.580s
mv: `*pattern2_1.d' を stat できません: そのようなファイルやディレクトリはありません
mv: `*pattern2_2.d' を stat できません: そのようなファイルやディレクトリはありません
mv: `*pattern2_3.d' を stat できません: そのようなファイルやディレクトリはありません
mv: `*pattern*diff.d' を stat できません: そのようなファイルやディレクトリはありません
cp: `signal.d' を stat できません: そのようなファイルやディレクトリはありません
cp: `hz1010.d' を stat できません: そのようなファイルやディレクトリはありません
cpu_f_to_d_h.f90(193): error #5078: 認識できないトークン '?' をスキップしました。
       open(62,file='GXh_w'//trim(adjustl(name))?/'.d')
------------------------------------------------^
cpu_f_to_d_h.f90(176): error #6404: この名前には型がありません。明示的な型がなければなりません。   [NAME]
       open(60,file='Hz_w'//trim(adjustl(name))//'.d')
-----------------------------------------^
cpu_f_to_d_h.f90(176): error #6362: 引数のデータ型は無効です。   [ADJUSTL]
       open(60,file='Hz_w'//trim(adjustl(name))//'.d')
-----------------------------------------^
cpu_f_to_d_h.f90(184): error #6362: 引数のデータ型は無効です。   [ADJUSTL]
       open(61,file='JZ_w'//trim(adjustl(name))//'.d')
-----------------------------------------^
cpu_f_to_d_h.f90(193): error #6362: 引数のデータ型は無効です。   [ADJUSTL]
       open(62,file='GXh_w'//trim(adjustl(name))?/'.d')
------------------------------------------^
cpu_f_to_d_h.f90(193): error #6355: この 2 項演算はこのデータ型では無効です。   [TRIM]
       open(62,file='GXh_w'//trim(adjustl(name))?/'.d')
-----------------------------^
cpu_f_to_d_h.f90(193): error #6549: このコンテキストには算術または LOGICAL 型が必要です。
       open(62,file='GXh_w'//trim(adjustl(name))?/'.d')
-------------------------------------------------^
cpu_f_to_d_h.f90(214): error #6362: 引数のデータ型は無効です。   [ADJUSTL]
       open(71,file='JZ_w'//trim(adjustl(name))//'.d')
-----------------------------------------^
cpu_f_to_d_h.f90(223): error #6362: 引数のデータ型は無効です。   [ADJUSTL]
       open(72,file='GXh_w'//trim(adjustl(name))//'.d')
------------------------------------------^
コンパイルは cpu_f_to_d_h.f90 で異常終了しました (コード 1)。
forrtl: No such file or directory
forrtl: 致命的なエラー (29): ファイルが見つかりません。ユニット 51、ファイル /home/saito/GitHub_sync/ver0026/inp1.dat
Image              PC                Routine            Line        Source             
f_to_d             000000000055A42E  Unknown               Unknown  Unknown
f_to_d             0000000000558EC6  Unknown               Unknown  Unknown
f_to_d             000000000050E202  Unknown               Unknown  Unknown
f_to_d             00000000004DF88C  Unknown               Unknown  Unknown
f_to_d             00000000004DEDAC  Unknown               Unknown  Unknown
f_to_d             00000000004EB598  Unknown               Unknown  Unknown
f_to_d             0000000000403F53  Unknown               Unknown  Unknown
f_to_d             000000000040374C  Unknown               Unknown  Unknown
libc.so.6          00000032A5221735  Unknown               Unknown  Unknown
f_to_d             0000000000403629  Unknown               Unknown  Unknown
cp: `out1.dat' を stat できません: そのようなファイルやディレクトリはありません
cp: `out2.dat' を stat できません: そのようなファイルやディレクトリはありません
cp: `out3.dat' を stat できません: そのようなファイルやディレクトリはありません
cp: `out4.dat' を stat できません: そのようなファイルやディレクトリはありません
cp: `out5.dat' を stat できません: そのようなファイルやディレクトリはありません
cp: `out6.dat' を stat できません: そのようなファイルやディレクトリはありません
cp: `invGH.dat' を stat できません: そのようなファイルやディレクトリはありません
cp: `invGJ.dat' を stat できません: そのようなファイルやディレクトリはありません
cp: `invGG.dat' を stat できません: そのようなファイルやディレクトリはありません
cp: `absHZ_t.dat' を stat できません: そのようなファイルやディレクトリはありません
cp: `absJZ_t.dat' を stat できません: そのようなファイルやディレクトリはありません
cp: `absGXh_t.dat' を stat できません: そのようなファイルやディレクトリはありません
cp: `hz1020.d' を stat できません: そのようなファイルやディレクトリはありません
cpu_f_to_d_h.f90(193): error #5078: 認識できないトークン '?' をスキップしました。
       open(62,file='GXh_w'//trim(adjustl(name))?/'.d')
------------------------------------------------^
cpu_f_to_d_h.f90(176): error #6404: この名前には型がありません。明示的な型がなければなりません。   [NAME]
       open(60,file='Hz_w'//trim(adjustl(name))//'.d')
-----------------------------------------^
cpu_f_to_d_h.f90(176): error #6362: 引数のデータ型は無効です。   [ADJUSTL]
       open(60,file='Hz_w'//trim(adjustl(name))//'.d')
-----------------------------------------^
cpu_f_to_d_h.f90(184): error #6362: 引数のデータ型は無効です。   [ADJUSTL]
       open(61,file='JZ_w'//trim(adjustl(name))//'.d')
-----------------------------------------^
cpu_f_to_d_h.f90(193): error #6362: 引数のデータ型は無効です。   [ADJUSTL]
       open(62,file='GXh_w'//trim(adjustl(name))?/'.d')
------------------------------------------^
cpu_f_to_d_h.f90(193): error #6355: この 2 項演算はこのデータ型では無効です。   [TRIM]
       open(62,file='GXh_w'//trim(adjustl(name))?/'.d')
-----------------------------^
cpu_f_to_d_h.f90(193): error #6549: このコンテキストには算術または LOGICAL 型が必要です。
       open(62,file='GXh_w'//trim(adjustl(name))?/'.d')
-------------------------------------------------^
cpu_f_to_d_h.f90(214): error #6362: 引数のデータ型は無効です。   [ADJUSTL]
       open(71,file='JZ_w'//trim(adjustl(name))//'.d')
-----------------------------------------^
cpu_f_to_d_h.f90(223): error #6362: 引数のデータ型は無効です。   [ADJUSTL]
       open(72,file='GXh_w'//trim(adjustl(name))//'.d')
------------------------------------------^
コンパイルは cpu_f_to_d_h.f90 で異常終了しました (コード 1)。
forrtl: No such file or directory
forrtl: 致命的なエラー (29): ファイルが見つかりません。ユニット 51、ファイル /home/saito/GitHub_sync/ver0026/inp1.dat
Image              PC                Routine            Line        Source             
f_to_d             000000000055A42E  Unknown               Unknown  Unknown
f_to_d             0000000000558EC6  Unknown               Unknown  Unknown
f_to_d             000000000050E202  Unknown               Unknown  Unknown
f_to_d             00000000004DF88C  Unknown               Unknown  Unknown
f_to_d             00000000004DEDAC  Unknown               Unknown  Unknown
f_to_d             00000000004EB598  Unknown               Unknown  Unknown
f_to_d             0000000000403F53  Unknown               Unknown  Unknown
f_to_d             000000000040374C  Unknown               Unknown  Unknown
libc.so.6          00000032A5221735  Unknown               Unknown  Unknown
f_to_d             0000000000403629  Unknown               Unknown  Unknown
cp: `out1.dat' を stat できません: そのようなファイルやディレクトリはありません
cp: `out2.dat' を stat できません: そのようなファイルやディレクトリはありません
cp: `out3.dat' を stat できません: そのようなファイルやディレクトリはありません
cp: `out4.dat' を stat できません: そのようなファイルやディレクトリはありません
cp: `out5.dat' を stat できません: そのようなファイルやディレクトリはありません
cp: `out6.dat' を stat できません: そのようなファイルやディレクトリはありません
cp: `invGH.dat' を stat できません: そのようなファイルやディレクトリはありません
cp: `invGJ.dat' を stat できません: そのようなファイルやディレクトリはありません
cp: `invGG.dat' を stat できません: そのようなファイルやディレクトリはありません
cp: `absHZ_t.dat' を stat できません: そのようなファイルやディレクトリはありません
cp: `absJZ_t.dat' を stat できません: そのようなファイルやディレクトリはありません
cp: `absGXh_t.dat' を stat できません: そのようなファイルやディレクトリはありません
cp: `hz1030.d' を stat できません: そのようなファイルやディレクトリはありません
cpu_f_to_d_h.f90(193): error #5078: 認識できないトークン '?' をスキップしました。
       open(62,file='GXh_w'//trim(adjustl(name))?/'.d')
------------------------------------------------^
cpu_f_to_d_h.f90(176): error #6404: この名前には型がありません。明示的な型がなければなりません。   [NAME]
       open(60,file='Hz_w'//trim(adjustl(name))//'.d')
-----------------------------------------^
cpu_f_to_d_h.f90(176): error #6362: 引数のデータ型は無効です。   [ADJUSTL]
       open(60,file='Hz_w'//trim(adjustl(name))//'.d')
-----------------------------------------^
cpu_f_to_d_h.f90(184): error #6362: 引数のデータ型は無効です。   [ADJUSTL]
       open(61,file='JZ_w'//trim(adjustl(name))//'.d')
-----------------------------------------^
cpu_f_to_d_h.f90(193): error #6362: 引数のデータ型は無効です。   [ADJUSTL]
       open(62,file='GXh_w'//trim(adjustl(name))?/'.d')
------------------------------------------^
cpu_f_to_d_h.f90(193): error #6355: この 2 項演算はこのデータ型では無効です。   [TRIM]
       open(62,file='GXh_w'//trim(adjustl(name))?/'.d')
-----------------------------^
cpu_f_to_d_h.f90(193): error #6549: このコンテキストには算術または LOGICAL 型が必要です。
       open(62,file='GXh_w'//trim(adjustl(name))?/'.d')
-------------------------------------------------^
cpu_f_to_d_h.f90(214): error #6362: 引数のデータ型は無効です。   [ADJUSTL]
       open(71,file='JZ_w'//trim(adjustl(name))//'.d')
-----------------------------------------^
cpu_f_to_d_h.f90(223): error #6362: 引数のデータ型は無効です。   [ADJUSTL]
       open(72,file='GXh_w'//trim(adjustl(name))//'.d')
------------------------------------------^
コンパイルは cpu_f_to_d_h.f90 で異常終了しました (コード 1)。
forrtl: No such file or directory
forrtl: 致命的なエラー (29): ファイルが見つかりません。ユニット 51、ファイル /home/saito/GitHub_sync/ver0026/inp1.dat
Image              PC                Routine            Line        Source             
f_to_d             000000000055A42E  Unknown               Unknown  Unknown
f_to_d             0000000000558EC6  Unknown               Unknown  Unknown
f_to_d             000000000050E202  Unknown               Unknown  Unknown
f_to_d             00000000004DF88C  Unknown               Unknown  Unknown
f_to_d             00000000004DEDAC  Unknown               Unknown  Unknown
f_to_d             00000000004EB598  Unknown               Unknown  Unknown
f_to_d             0000000000403F53  Unknown               Unknown  Unknown
f_to_d             000000000040374C  Unknown               Unknown  Unknown
libc.so.6          00000032A5221735  Unknown               Unknown  Unknown
f_to_d             0000000000403629  Unknown               Unknown  Unknown
cp: `out1.dat' を stat できません: そのようなファイルやディレクトリはありません
cp: `out2.dat' を stat できません: そのようなファイルやディレクトリはありません
cp: `out3.dat' を stat できません: そのようなファイルやディレクトリはありません
cp: `out4.dat' を stat できません: そのようなファイルやディレクトリはありません
cp: `out5.dat' を stat できません: そのようなファイルやディレクトリはありません
cp: `out6.dat' を stat できません: そのようなファイルやディレクトリはありません
cp: `invGH.dat' を stat できません: そのようなファイルやディレクトリはありません
cp: `invGJ.dat' を stat できません: そのようなファイルやディレクトリはありません
cp: `invGG.dat' を stat できません: そのようなファイルやディレクトリはありません
cp: `absHZ_t.dat' を stat できません: そのようなファイルやディレクトリはありません
cp: `absJZ_t.dat' を stat できません: そのようなファイルやディレクトリはありません
cp: `absGXh_t.dat' を stat できません: そのようなファイルやディレクトリはありません
rm: `out*.dat' を削除できません: そのようなファイルやディレクトリはありません
rm: `invG*.dat' を削除できません: そのようなファイルやディレクトリはありません
rm: `abs*.dat' を削除できません: そのようなファイルやディレクトリはありません
         line 0: warning: Skipping unreadable file "ex1010.d"
         line 0: warning: Skipping unreadable file "ex1020.d"
         line 0: warning: Skipping unreadable file "ex1030.d"
         line 0: No data in plot

         line 0: warning: Skipping unreadable file "hz1010.d"
         line 0: warning: Skipping unreadable file "hz1020.d"
         line 0: warning: Skipping unreadable file "hz1030.d"
         line 0: No data in plot

         line 0: warning: Skipping unreadable file "EX_w1010.d"
         line 0: warning: Skipping unreadable file "EX_w1020.d"
         line 0: warning: Skipping unreadable file "EX_w1030.d"
         line 0: No data in plot

         line 0: warning: Skipping unreadable file "HZ_w1010.d"
         line 0: warning: Skipping unreadable file "HZ_w1020.d"
         line 0: warning: Skipping unreadable file "HZ_w1030.d"
         line 0: No data in plot

         line 0: warning: Skipping unreadable file "EX_t1010.d"
         line 0: warning: Skipping unreadable file "EX_t1020.d"
         line 0: warning: Skipping unreadable file "EX_t1030.d"
         line 0: No data in plot

         line 0: warning: Skipping unreadable file "EX_w1010.d"
         line 0: warning: Skipping unreadable file "EX_w1020.d"
         line 0: warning: Skipping unreadable file "EX_w1030.d"
         line 0: No data in plot

         line 0: warning: Skipping unreadable file "HZ_w1010.d"
         line 0: warning: Skipping unreadable file "HZ_w1020.d"
         line 0: warning: Skipping unreadable file "HZ_w1030.d"
         line 0: No data in plot

         line 0: warning: Skipping unreadable file "EX_t1010.d"
         line 0: warning: Skipping unreadable file "EX_t1020.d"
         line 0: warning: Skipping unreadable file "EX_t1030.d"
         line 0: No data in plot

         line 0: warning: Skipping unreadable file "model_sig_xz.dat"
         line 0: warning: No usable data in this plot to auto-scale axis range
         line 0: z axis range undefined or overflow

         line 0: warning: Skipping unreadable file "model_sig_xy.dat"
         line 0: warning: No usable data in this plot to auto-scale axis range
         line 0: z axis range undefined or overflow

         line 0: warning: Skipping unreadable file "model_myu_xz.dat"
         line 0: warning: No usable data in this plot to auto-scale axis range
         line 0: z axis range undefined or overflow

         line 0: warning: Skipping unreadable file "model_myu_xy.dat"
         line 0: warning: No usable data in this plot to auto-scale axis range
         line 0: z axis range undefined or overflow

         line 0: warning: Skipping unreadable file "41pattern2_12diff.d"
         line 0: No data in plot

         line 0: warning: Skipping unreadable file "41pattern2_23diff.d"
         line 0: No data in plot

mv: `*_w*.d' を stat できません: そのようなファイルやディレクトリはありません
mv: `*_t*.d' を stat できません: そのようなファイルやディレクトリはありません
