2014年 11月 10日 月曜日 02:34:20 JST
 crack_ver
 x_source position :          41
 !!!!!!!!!!!!!  start calculation  !!!!!!!!!!!!!!!!
 plate_z          13
 offset           9
 xstart,xend          49          53
 ystart,yend          46          56
 zstart,zend          11          13
 x,y,z source          41          51          22
 x,y,z source2          49          51          22
 xx1,yy1,zz1          41          51          25
 xx2,yy2,zz2          41          51          19
 xx3,yy3,zz3          49          51          19
 nstep        4351
 dt  1.258468585615218E-006
 fmax   2000.00000000000     
 omega0   6.28318530717958     
nx,ny,nz  101  101  101
dx,dy,dz  0.4500E-02  0.4500E-02  0.4500E-02
 ncpml          10
 波長λ wa, fe  0.883887453998308       5.000000000071453E-002
 cmax=cwa,cmin=cfe   1767.77490799662        100.000000001429     
 反射波の到達時間 (nx-10)*dx/c  2.316471390942403E-004
 到達距離 cmax*t,cmin*t   9.67962265765185       0.547559681609006     
 １/2辺の長さdx*nx/2  0.227250000000000     
 dt*nstep  5.475596816011813E-003
 sigfe, sigwa   1000.00000000000        3.20000000000000     
 myufe, myuwa  1.256637061400000E-006  1.256625751666447E-006
 epsife, epsiwa  8.853999999999999E-012  7.171739999999999E-010
 # skindepth wa, fe   6.29117982352369       0.355881271713675     
 # dx should  less than (0.999d0*cmin/fmax/Glim)  4.802884615453251E-003
 ****************optimized limit is violated *************************
 ****************fourier limit is violated *************************
 ****************taylor limit is ok *************************
 # taylor dt:  1.259728313929147E-006
 # optimized dt:  1.231626203195969E-006
 # Fourier limit dt:   9.356319510948417E-007
 # number of timestep nstep(Tmax + 2t0)/dt:        4351
 *********************        DFT start       ********************
 ********************        IFFT start       ********************
 *********************        DFT start       ********************
 ********************        IFFT start       ********************
 *********************        DFT start       ********************
 ********************        IFFT start       ********************
 crack_ver
 x_source position :          43
 !!!!!!!!!!!!!  start calculation  !!!!!!!!!!!!!!!!
 plate_z          13
 offset           9
 xstart,xend          49          53
 ystart,yend          46          56
 zstart,zend          11          13
 x,y,z source          43          51          22
 x,y,z source2          51          51          22
 xx1,yy1,zz1          43          51          25
 xx2,yy2,zz2          43          51          19
 xx3,yy3,zz3          51          51          19
 nstep        4351
 dt  1.258468585615218E-006
 fmax   2000.00000000000     
 omega0   6.28318530717958     
nx,ny,nz  101  101  101
dx,dy,dz  0.4500E-02  0.4500E-02  0.4500E-02
 ncpml          10
 波長λ wa, fe  0.883887453998308       5.000000000071453E-002
 cmax=cwa,cmin=cfe   1767.77490799662        100.000000001429     
 反射波の到達時間 (nx-10)*dx/c  2.316471390942403E-004
 到達距離 cmax*t,cmin*t   9.67962265765185       0.547559681609006     
 １/2辺の長さdx*nx/2  0.227250000000000     
 dt*nstep  5.475596816011813E-003
 sigfe, sigwa   1000.00000000000        3.20000000000000     
 myufe, myuwa  1.256637061400000E-006  1.256625751666447E-006
 epsife, epsiwa  8.853999999999999E-012  7.171739999999999E-010
 # skindepth wa, fe   6.29117982352369       0.355881271713675     
 # dx should  less than (0.999d0*cmin/fmax/Glim)  4.802884615453251E-003
 ****************optimized limit is violated *************************
 ****************fourier limit is violated *************************
 ****************taylor limit is ok *************************
 # taylor dt:  1.259728313929147E-006
 # optimized dt:  1.231626203195969E-006
 # Fourier limit dt:   9.356319510948417E-007
 # number of timestep nstep(Tmax + 2t0)/dt:        4351
 *********************        DFT start       ********************
 ********************        IFFT start       ********************
 *********************        DFT start       ********************
 ********************        IFFT start       ********************
 *********************        DFT start       ********************
 ********************        IFFT start       ********************
 crack_ver
 x_source position :          45
 !!!!!!!!!!!!!  start calculation  !!!!!!!!!!!!!!!!
 plate_z          13
 offset           9
 xstart,xend          49          53
 ystart,yend          46          56
 zstart,zend          11          13
 x,y,z source          45          51          22
 x,y,z source2          53          51          22
 xx1,yy1,zz1          45          51          25
 xx2,yy2,zz2          45          51          19
 xx3,yy3,zz3          53          51          19
 nstep        4351
 dt  1.258468585615218E-006
 fmax   2000.00000000000     
 omega0   6.28318530717958     
nx,ny,nz  101  101  101
dx,dy,dz  0.4500E-02  0.4500E-02  0.4500E-02
 ncpml          10
 波長λ wa, fe  0.883887453998308       5.000000000071453E-002
 cmax=cwa,cmin=cfe   1767.77490799662        100.000000001429     
 反射波の到達時間 (nx-10)*dx/c  2.316471390942403E-004
 到達距離 cmax*t,cmin*t   9.67962265765185       0.547559681609006     
 １/2辺の長さdx*nx/2  0.227250000000000     
 dt*nstep  5.475596816011813E-003
 sigfe, sigwa   1000.00000000000        3.20000000000000     
 myufe, myuwa  1.256637061400000E-006  1.256625751666447E-006
 epsife, epsiwa  8.853999999999999E-012  7.171739999999999E-010
 # skindepth wa, fe   6.29117982352369       0.355881271713675     
 # dx should  less than (0.999d0*cmin/fmax/Glim)  4.802884615453251E-003
 ****************optimized limit is violated *************************
 ****************fourier limit is violated *************************
 ****************taylor limit is ok *************************
 # taylor dt:  1.259728313929147E-006
 # optimized dt:  1.231626203195969E-006
 # Fourier limit dt:   9.356319510948417E-007
 # number of timestep nstep(Tmax + 2t0)/dt:        4351
 *********************        DFT start       ********************
 ********************        IFFT start       ********************
 *********************        DFT start       ********************
 ********************        IFFT start       ********************
 *********************        DFT start       ********************
 ********************        IFFT start       ********************
 crack_ver
 x_source position :          47
 !!!!!!!!!!!!!  start calculation  !!!!!!!!!!!!!!!!
 plate_z          13
 offset           9
 xstart,xend          49          53
 ystart,yend          46          56
 zstart,zend          11          13
 x,y,z source          47          51          22
 x,y,z source2          55          51          22
 xx1,yy1,zz1          47          51          25
 xx2,yy2,zz2          47          51          19
 xx3,yy3,zz3          55          51          19
 nstep        4351
 dt  1.258468585615218E-006
 fmax   2000.00000000000     
 omega0   6.28318530717958     
nx,ny,nz  101  101  101
dx,dy,dz  0.4500E-02  0.4500E-02  0.4500E-02
 ncpml          10
 波長λ wa, fe  0.883887453998308       5.000000000071453E-002
 cmax=cwa,cmin=cfe   1767.77490799662        100.000000001429     
 反射波の到達時間 (nx-10)*dx/c  2.316471390942403E-004
 到達距離 cmax*t,cmin*t   9.67962265765185       0.547559681609006     
 １/2辺の長さdx*nx/2  0.227250000000000     
 dt*nstep  5.475596816011813E-003
 sigfe, sigwa   1000.00000000000        3.20000000000000     
 myufe, myuwa  1.256637061400000E-006  1.256625751666447E-006
 epsife, epsiwa  8.853999999999999E-012  7.171739999999999E-010
 # skindepth wa, fe   6.29117982352369       0.355881271713675     
 # dx should  less than (0.999d0*cmin/fmax/Glim)  4.802884615453251E-003
 ****************optimized limit is violated *************************
 ****************fourier limit is violated *************************
 ****************taylor limit is ok *************************
 # taylor dt:  1.259728313929147E-006
 # optimized dt:  1.231626203195969E-006
 # Fourier limit dt:   9.356319510948417E-007
 # number of timestep nstep(Tmax + 2t0)/dt:        4351
 *********************        DFT start       ********************
 ********************        IFFT start       ********************
 *********************        DFT start       ********************
 ********************        IFFT start       ********************
 *********************        DFT start       ********************
 ********************        IFFT start       ********************
 crack_ver
 x_source position :          49
 !!!!!!!!!!!!!  start calculation  !!!!!!!!!!!!!!!!
 plate_z          13
 offset           9
 xstart,xend          49          53
 ystart,yend          46          56
 zstart,zend          11          13
 x,y,z source          49          51          22
 x,y,z source2          57          51          22
 xx1,yy1,zz1          49          51          25
 xx2,yy2,zz2          49          51          19
 xx3,yy3,zz3          57          51          19
 nstep        4351
 dt  1.258468585615218E-006
 fmax   2000.00000000000     
 omega0   6.28318530717958     
nx,ny,nz  101  101  101
dx,dy,dz  0.4500E-02  0.4500E-02  0.4500E-02
 ncpml          10
 波長λ wa, fe  0.883887453998308       5.000000000071453E-002
 cmax=cwa,cmin=cfe   1767.77490799662        100.000000001429     
 反射波の到達時間 (nx-10)*dx/c  2.316471390942403E-004
 到達距離 cmax*t,cmin*t   9.67962265765185       0.547559681609006     
 １/2辺の長さdx*nx/2  0.227250000000000     
 dt*nstep  5.475596816011813E-003
 sigfe, sigwa   1000.00000000000        3.20000000000000     
 myufe, myuwa  1.256637061400000E-006  1.256625751666447E-006
 epsife, epsiwa  8.853999999999999E-012  7.171739999999999E-010
 # skindepth wa, fe   6.29117982352369       0.355881271713675     
 # dx should  less than (0.999d0*cmin/fmax/Glim)  4.802884615453251E-003
 ****************optimized limit is violated *************************
 ****************fourier limit is violated *************************
 ****************taylor limit is ok *************************
 # taylor dt:  1.259728313929147E-006
 # optimized dt:  1.231626203195969E-006
 # Fourier limit dt:   9.356319510948417E-007
 # number of timestep nstep(Tmax + 2t0)/dt:        4351
 *********************        DFT start       ********************
 ********************        IFFT start       ********************
 *********************        DFT start       ********************
 ********************        IFFT start       ********************
 *********************        DFT start       ********************
 ********************        IFFT start       ********************
 crack_ver
 x_source position :          51
 !!!!!!!!!!!!!  start calculation  !!!!!!!!!!!!!!!!
 plate_z          13
 offset           9
 xstart,xend          49          53
 ystart,yend          46          56
 zstart,zend          11          13
 x,y,z source          51          51          22
 x,y,z source2          59          51          22
 xx1,yy1,zz1          51          51          25
 xx2,yy2,zz2          51          51          19
 xx3,yy3,zz3          59          51          19
 nstep        4351
 dt  1.258468585615218E-006
 fmax   2000.00000000000     
 omega0   6.28318530717958     
nx,ny,nz  101  101  101
dx,dy,dz  0.4500E-02  0.4500E-02  0.4500E-02
 ncpml          10
 波長λ wa, fe  0.883887453998308       5.000000000071453E-002
 cmax=cwa,cmin=cfe   1767.77490799662        100.000000001429     
 反射波の到達時間 (nx-10)*dx/c  2.316471390942403E-004
 到達距離 cmax*t,cmin*t   9.67962265765185       0.547559681609006     
 １/2辺の長さdx*nx/2  0.227250000000000     
 dt*nstep  5.475596816011813E-003
 sigfe, sigwa   1000.00000000000        3.20000000000000     
 myufe, myuwa  1.256637061400000E-006  1.256625751666447E-006
 epsife, epsiwa  8.853999999999999E-012  7.171739999999999E-010
 # skindepth wa, fe   6.29117982352369       0.355881271713675     
 # dx should  less than (0.999d0*cmin/fmax/Glim)  4.802884615453251E-003
 ****************optimized limit is violated *************************
 ****************fourier limit is violated *************************
 ****************taylor limit is ok *************************
 # taylor dt:  1.259728313929147E-006
 # optimized dt:  1.231626203195969E-006
 # Fourier limit dt:   9.356319510948417E-007
 # number of timestep nstep(Tmax + 2t0)/dt:        4351
 *********************        DFT start       ********************
 ********************        IFFT start       ********************
 *********************        DFT start       ********************
 ********************        IFFT start       ********************
 *********************        DFT start       ********************
 ********************        IFFT start       ********************
 crack_ver
 x_source position :          53
 !!!!!!!!!!!!!  start calculation  !!!!!!!!!!!!!!!!
 plate_z          13
 offset           9
 xstart,xend          49          53
 ystart,yend          46          56
 zstart,zend          11          13
 x,y,z source          53          51          22
 x,y,z source2          61          51          22
 xx1,yy1,zz1          53          51          25
 xx2,yy2,zz2          53          51          19
 xx3,yy3,zz3          61          51          19
 nstep        4351
 dt  1.258468585615218E-006
 fmax   2000.00000000000     
 omega0   6.28318530717958     
nx,ny,nz  101  101  101
dx,dy,dz  0.4500E-02  0.4500E-02  0.4500E-02
 ncpml          10
 波長λ wa, fe  0.883887453998308       5.000000000071453E-002
 cmax=cwa,cmin=cfe   1767.77490799662        100.000000001429     
 反射波の到達時間 (nx-10)*dx/c  2.316471390942403E-004
 到達距離 cmax*t,cmin*t   9.67962265765185       0.547559681609006     
 １/2辺の長さdx*nx/2  0.227250000000000     
 dt*nstep  5.475596816011813E-003
 sigfe, sigwa   1000.00000000000        3.20000000000000     
 myufe, myuwa  1.256637061400000E-006  1.256625751666447E-006
 epsife, epsiwa  8.853999999999999E-012  7.171739999999999E-010
 # skindepth wa, fe   6.29117982352369       0.355881271713675     
 # dx should  less than (0.999d0*cmin/fmax/Glim)  4.802884615453251E-003
 ****************optimized limit is violated *************************
 ****************fourier limit is violated *************************
 ****************taylor limit is ok *************************
 # taylor dt:  1.259728313929147E-006
 # optimized dt:  1.231626203195969E-006
 # Fourier limit dt:   9.356319510948417E-007
 # number of timestep nstep(Tmax + 2t0)/dt:        4351
 *********************        DFT start       ********************
 ********************        IFFT start       ********************
 *********************        DFT start       ********************
 ********************        IFFT start       ********************
 *********************        DFT start       ********************
 ********************        IFFT start       ********************
 crack_ver
 x_source position :          55
 !!!!!!!!!!!!!  start calculation  !!!!!!!!!!!!!!!!
 plate_z          13
 offset           9
 xstart,xend          49          53
 ystart,yend          46          56
 zstart,zend          11          13
 x,y,z source          55          51          22
 x,y,z source2          63          51          22
 xx1,yy1,zz1          55          51          25
 xx2,yy2,zz2          55          51          19
 xx3,yy3,zz3          63          51          19
 nstep        4351
 dt  1.258468585615218E-006
 fmax   2000.00000000000     
 omega0   6.28318530717958     
nx,ny,nz  101  101  101
dx,dy,dz  0.4500E-02  0.4500E-02  0.4500E-02
 ncpml          10
 波長λ wa, fe  0.883887453998308       5.000000000071453E-002
 cmax=cwa,cmin=cfe   1767.77490799662        100.000000001429     
 反射波の到達時間 (nx-10)*dx/c  2.316471390942403E-004
 到達距離 cmax*t,cmin*t   9.67962265765185       0.547559681609006     
 １/2辺の長さdx*nx/2  0.227250000000000     
 dt*nstep  5.475596816011813E-003
 sigfe, sigwa   1000.00000000000        3.20000000000000     
 myufe, myuwa  1.256637061400000E-006  1.256625751666447E-006
 epsife, epsiwa  8.853999999999999E-012  7.171739999999999E-010
 # skindepth wa, fe   6.29117982352369       0.355881271713675     
 # dx should  less than (0.999d0*cmin/fmax/Glim)  4.802884615453251E-003
 ****************optimized limit is violated *************************
 ****************fourier limit is violated *************************
 ****************taylor limit is ok *************************
 # taylor dt:  1.259728313929147E-006
 # optimized dt:  1.231626203195969E-006
 # Fourier limit dt:   9.356319510948417E-007
 # number of timestep nstep(Tmax + 2t0)/dt:        4351
 *********************        DFT start       ********************
 ********************        IFFT start       ********************
 *********************        DFT start       ********************
 ********************        IFFT start       ********************
 *********************        DFT start       ********************
 ********************        IFFT start       ********************
 crack_ver
 x_source position :          57
 !!!!!!!!!!!!!  start calculation  !!!!!!!!!!!!!!!!
 plate_z          13
 offset           9
 xstart,xend          49          53
 ystart,yend          46          56
 zstart,zend          11          13
 x,y,z source          57          51          22
 x,y,z source2          65          51          22
 xx1,yy1,zz1          57          51          25
 xx2,yy2,zz2          57          51          19
 xx3,yy3,zz3          65          51          19
 nstep        4351
 dt  1.258468585615218E-006
 fmax   2000.00000000000     
 omega0   6.28318530717958     
nx,ny,nz  101  101  101
dx,dy,dz  0.4500E-02  0.4500E-02  0.4500E-02
 ncpml          10
 波長λ wa, fe  0.883887453998308       5.000000000071453E-002
 cmax=cwa,cmin=cfe   1767.77490799662        100.000000001429     
 反射波の到達時間 (nx-10)*dx/c  2.316471390942403E-004
 到達距離 cmax*t,cmin*t   9.67962265765185       0.547559681609006     
 １/2辺の長さdx*nx/2  0.227250000000000     
 dt*nstep  5.475596816011813E-003
 sigfe, sigwa   1000.00000000000        3.20000000000000     
 myufe, myuwa  1.256637061400000E-006  1.256625751666447E-006
 epsife, epsiwa  8.853999999999999E-012  7.171739999999999E-010
 # skindepth wa, fe   6.29117982352369       0.355881271713675     
 # dx should  less than (0.999d0*cmin/fmax/Glim)  4.802884615453251E-003
 ****************optimized limit is violated *************************
 ****************fourier limit is violated *************************
 ****************taylor limit is ok *************************
 # taylor dt:  1.259728313929147E-006
 # optimized dt:  1.231626203195969E-006
 # Fourier limit dt:   9.356319510948417E-007
 # number of timestep nstep(Tmax + 2t0)/dt:        4351
